<?xml version="1.0" encoding="UTF-8"?>
<testsuite name="PositionTest" tests="4" skipped="0" failures="0" errors="0" timestamp="2022-11-22T22:02:27" hostname="DESKTOP-3VQ6HA6" time="0.024">
  <properties/>
  <testcase name="UpTest()" classname="PositionTest" time="0.02"/>
  <testcase name="RightTest()" classname="PositionTest" time="0.001"/>
  <testcase name="DownTest()" classname="PositionTest" time="0.001"/>
  <testcase name="LeftTest()" classname="PositionTest" time="0.001"/>
  <system-out><![CDATA[]]></system-out>
  <system-err><![CDATA[]]></system-err>
</testsuite>
