<?xml version="1.0" encoding="UTF-8"?>
<testsuite name="PlayerMovementTest" tests="2" skipped="0" failures="0" errors="0" timestamp="2022-11-24T01:34:20" hostname="DESKTOP-3VQ6HA6" time="0.021">
  <properties/>
  <testcase name="moveHeroRightBlocked()" classname="PlayerMovementTest" time="0.019"/>
  <testcase name="moveHeroRightEmpty()" classname="PlayerMovementTest" time="0.001"/>
  <system-out><![CDATA[]]></system-out>
  <system-err><![CDATA[]]></system-err>
</testsuite>
